<?xml version="1.0" encoding="UTF-8"?>
<!-- Generated by org.testng.reporters.JUnitReportReporter -->
<testsuite skipped="0" hostname="DESKTOP-FS7JD1M" name="BaseClasses.BaseTest" tests="1" failures="0" timestamp="2019-11-14T01:00:07 IST" time="8.502" errors="0">
  <testcase name="startBrowser" time="8.502" classname="BaseClasses.BaseTest"/>
</testsuite> <!-- BaseClasses.BaseTest -->
