<?xml version="1.0" encoding="UTF-8"?>
<!-- Generated by org.testng.reporters.JUnitReportReporter -->
<testsuite skipped="0" hostname="DESKTOP-FS7JD1M" name="newtours.demoaut.com.JavaClasses.LoginClass" tests="2" failures="0" timestamp="2019-12-31T23:21:47 IST" time="21.510" errors="0">
  <testcase name="verifyLoginfunctionality" time="9.207" classname="newtours.demoaut.com.JavaClasses.LoginClass"/>
  <testcase name="startBrowser" time="12.303" classname="newtours.demoaut.com.JavaClasses.LoginClass"/>
</testsuite> <!-- newtours.demoaut.com.JavaClasses.LoginClass -->
