<?xml version="1.0" encoding="UTF-8"?>
<!-- Generated by org.testng.reporters.JUnitReportReporter -->
<testsuite skipped="0" hostname="DESKTOP-FS7JD1M" name="newtours.demoaut.com.JavaClasses.RegisterClass" tests="2" failures="0" timestamp="2019-12-31T22:04:23 IST" time="20.158" errors="0">
  <testcase name="verifyUserRegistrationfunctinality" time="7.515" classname="newtours.demoaut.com.JavaClasses.RegisterClass"/>
  <testcase name="startBrowser" time="12.643" classname="newtours.demoaut.com.JavaClasses.RegisterClass"/>
</testsuite> <!-- newtours.demoaut.com.JavaClasses.RegisterClass -->
